This file contains any messages produced by compilers while
running configure, to aid debugging if configure makes a mistake.

It was created by liberasurecode configure 1.0.4, which was
generated by GNU Autoconf 2.69.  Invocation command line was

  $ ./configure 

## --------- ##
## Platform. ##
## --------- ##

hostname = CCRLM0018
uname -m = x86_64
uname -r = 3.13.0-46-generic
uname -s = Linux
uname -v = #77-Ubuntu SMP Mon Mar 2 18:23:39 UTC 2015

/usr/bin/uname -p = unknown
/bin/uname -X     = unknown

/bin/arch              = unknown
/usr/bin/arch -k       = unknown
/usr/convex/getsysinfo = unknown
/usr/bin/hostinfo      = unknown
/bin/machine           = unknown
/usr/bin/oslevel       = unknown
/bin/universe          = unknown

PATH: /usr/local/sbin
PATH: /usr/local/bin
PATH: /usr/sbin
PATH: /usr/bin
PATH: /sbin
PATH: /bin
PATH: /home/whcho/bin


## ----------- ##
## Core tests. ##
## ----------- ##

configure:2409: checking for gcc
configure:2425: found /usr/bin/gcc
configure:2436: result: gcc
configure:2665: checking for C compiler version
configure:2674: gcc --version >&5
gcc (Ubuntu 4.8.2-19ubuntu1) 4.8.2
Copyright (C) 2013 Free Software Foundation, Inc.
This is free software; see the source for copying conditions.  There is NO
warranty; not even for MERCHANTABILITY or FITNESS FOR A PARTICULAR PURPOSE.

configure:2685: $? = 0
configure:2674: gcc -v >&5
Using built-in specs.
COLLECT_GCC=gcc
COLLECT_LTO_WRAPPER=/usr/lib/gcc/x86_64-linux-gnu/4.8/lto-wrapper
Target: x86_64-linux-gnu
Configured with: ../src/configure -v --with-pkgversion='Ubuntu 4.8.2-19ubuntu1' --with-bugurl=file:///usr/share/doc/gcc-4.8/README.Bugs --enable-languages=c,c++,java,go,d,fortran,objc,obj-c++ --prefix=/usr --program-suffix=-4.8 --enable-shared --enable-linker-build-id --libexecdir=/usr/lib --without-included-gettext --enable-threads=posix --with-gxx-include-dir=/usr/include/c++/4.8 --libdir=/usr/lib --enable-nls --with-sysroot=/ --enable-clocale=gnu --enable-libstdcxx-debug --enable-libstdcxx-time=yes --enable-gnu-unique-object --disable-libmudflap --enable-plugin --with-system-zlib --disable-browser-plugin --enable-java-awt=gtk --enable-gtk-cairo --with-java-home=/usr/lib/jvm/java-1.5.0-gcj-4.8-amd64/jre --enable-java-home --with-jvm-root-dir=/usr/lib/jvm/java-1.5.0-gcj-4.8-amd64 --with-jvm-jar-dir=/usr/lib/jvm-exports/java-1.5.0-gcj-4.8-amd64 --with-arch-directory=amd64 --with-ecj-jar=/usr/share/java/eclipse-ecj.jar --enable-objc-gc --enable-multiarch --disable-werror --with-arch-32=i686 --with-abi=m64 --with-multilib-list=m32,m64,mx32 --with-tune=generic --enable-checking=release --build=x86_64-linux-gnu --host=x86_64-linux-gnu --target=x86_64-linux-gnu
Thread model: posix
gcc version 4.8.2 (Ubuntu 4.8.2-19ubuntu1) 
configure:2685: $? = 0
configure:2674: gcc -V >&5
gcc: error: unrecognized command line option '-V'
gcc: fatal error: no input files
compilation terminated.
configure:2685: $? = 4
configure:2674: gcc -qversion >&5
gcc: error: unrecognized command line option '-qversion'
gcc: fatal error: no input files
compilation terminated.
configure:2685: $? = 4
configure:2705: checking whether the C compiler works
configure:2727: gcc    conftest.c  >&5
configure:2731: $? = 0
configure:2779: result: yes
configure:2782: checking for C compiler default output file name
configure:2784: result: a.out
configure:2790: checking for suffix of executables
configure:2797: gcc -o conftest    conftest.c  >&5
configure:2801: $? = 0
configure:2823: result: 
configure:2845: checking whether we are cross compiling
configure:2853: gcc -o conftest    conftest.c  >&5
configure:2857: $? = 0
configure:2864: ./conftest
configure:2868: $? = 0
configure:2883: result: no
configure:2888: checking for suffix of object files
configure:2910: gcc -c   conftest.c >&5
configure:2914: $? = 0
configure:2935: result: o
configure:2939: checking whether we are using the GNU C compiler
configure:2958: gcc -c   conftest.c >&5
configure:2958: $? = 0
configure:2967: result: yes
configure:2976: checking whether gcc accepts -g
configure:2996: gcc -c -g  conftest.c >&5
configure:2996: $? = 0
configure:3037: result: yes
configure:3054: checking for gcc option to accept ISO C89
configure:3117: gcc  -c -g -O2  conftest.c >&5
configure:3117: $? = 0
configure:3130: result: none needed
configure:3155: checking whether gcc understands -c and -o together
configure:3177: gcc -c conftest.c -o conftest2.o
configure:3180: $? = 0
configure:3177: gcc -c conftest.c -o conftest2.o
configure:3180: $? = 0
configure:3192: result: yes
configure:3215: checking how to run the C preprocessor
configure:3246: gcc -E  conftest.c
configure:3246: $? = 0
configure:3260: gcc -E  conftest.c
conftest.c:9:28: fatal error: ac_nonexistent.h: No such file or directory
 #include <ac_nonexistent.h>
                            ^
compilation terminated.
configure:3260: $? = 1
configure: failed program was:
| /* confdefs.h */
| #define PACKAGE_NAME "liberasurecode"
| #define PACKAGE_TARNAME "liberasurecode"
| #define PACKAGE_VERSION "1.0.4"
| #define PACKAGE_STRING "liberasurecode 1.0.4"
| #define PACKAGE_BUGREPORT ""
| #define PACKAGE_URL ""
| /* end confdefs.h.  */
| #include <ac_nonexistent.h>
configure:3285: result: gcc -E
configure:3305: gcc -E  conftest.c
configure:3305: $? = 0
configure:3319: gcc -E  conftest.c
conftest.c:9:28: fatal error: ac_nonexistent.h: No such file or directory
 #include <ac_nonexistent.h>
                            ^
compilation terminated.
configure:3319: $? = 1
configure: failed program was:
| /* confdefs.h */
| #define PACKAGE_NAME "liberasurecode"
| #define PACKAGE_TARNAME "liberasurecode"
| #define PACKAGE_VERSION "1.0.4"
| #define PACKAGE_STRING "liberasurecode 1.0.4"
| #define PACKAGE_BUGREPORT ""
| #define PACKAGE_URL ""
| /* end confdefs.h.  */
| #include <ac_nonexistent.h>
configure:3348: checking for grep that handles long lines and -e
configure:3406: result: /bin/grep
configure:3411: checking for egrep
configure:3473: result: /bin/grep -E
configure:3478: checking for ANSI C header files
configure:3498: gcc -c -g -O2  conftest.c >&5
configure:3498: $? = 0
configure:3571: gcc -o conftest -g -O2   conftest.c  >&5
configure:3571: $? = 0
configure:3571: ./conftest
configure:3571: $? = 0
configure:3582: result: yes
configure:3595: checking for sys/types.h
configure:3595: gcc -c -g -O2  conftest.c >&5
configure:3595: $? = 0
configure:3595: result: yes
configure:3595: checking for sys/stat.h
configure:3595: gcc -c -g -O2  conftest.c >&5
configure:3595: $? = 0
configure:3595: result: yes
configure:3595: checking for stdlib.h
configure:3595: gcc -c -g -O2  conftest.c >&5
configure:3595: $? = 0
configure:3595: result: yes
configure:3595: checking for string.h
configure:3595: gcc -c -g -O2  conftest.c >&5
configure:3595: $? = 0
configure:3595: result: yes
configure:3595: checking for memory.h
configure:3595: gcc -c -g -O2  conftest.c >&5
configure:3595: $? = 0
configure:3595: result: yes
configure:3595: checking for strings.h
configure:3595: gcc -c -g -O2  conftest.c >&5
configure:3595: $? = 0
configure:3595: result: yes
configure:3595: checking for inttypes.h
configure:3595: gcc -c -g -O2  conftest.c >&5
configure:3595: $? = 0
configure:3595: result: yes
configure:3595: checking for stdint.h
configure:3595: gcc -c -g -O2  conftest.c >&5
configure:3595: $? = 0
configure:3595: result: yes
configure:3595: checking for unistd.h
configure:3595: gcc -c -g -O2  conftest.c >&5
configure:3595: $? = 0
configure:3595: result: yes
configure:3608: checking minix/config.h usability
configure:3608: gcc -c -g -O2  conftest.c >&5
conftest.c:52:26: fatal error: minix/config.h: No such file or directory
 #include <minix/config.h>
                          ^
compilation terminated.
configure:3608: $? = 1
configure: failed program was:
| /* confdefs.h */
| #define PACKAGE_NAME "liberasurecode"
| #define PACKAGE_TARNAME "liberasurecode"
| #define PACKAGE_VERSION "1.0.4"
| #define PACKAGE_STRING "liberasurecode 1.0.4"
| #define PACKAGE_BUGREPORT ""
| #define PACKAGE_URL ""
| #define STDC_HEADERS 1
| #define HAVE_SYS_TYPES_H 1
| #define HAVE_SYS_STAT_H 1
| #define HAVE_STDLIB_H 1
| #define HAVE_STRING_H 1
| #define HAVE_MEMORY_H 1
| #define HAVE_STRINGS_H 1
| #define HAVE_INTTYPES_H 1
| #define HAVE_STDINT_H 1
| #define HAVE_UNISTD_H 1
| /* end confdefs.h.  */
| #include <stdio.h>
| #ifdef HAVE_SYS_TYPES_H
| # include <sys/types.h>
| #endif
| #ifdef HAVE_SYS_STAT_H
| # include <sys/stat.h>
| #endif
| #ifdef STDC_HEADERS
| # include <stdlib.h>
| # include <stddef.h>
| #else
| # ifdef HAVE_STDLIB_H
| #  include <stdlib.h>
| # endif
| #endif
| #ifdef HAVE_STRING_H
| # if !defined STDC_HEADERS && defined HAVE_MEMORY_H
| #  include <memory.h>
| # endif
| # include <string.h>
| #endif
| #ifdef HAVE_STRINGS_H
| # include <strings.h>
| #endif
| #ifdef HAVE_INTTYPES_H
| # include <inttypes.h>
| #endif
| #ifdef HAVE_STDINT_H
| # include <stdint.h>
| #endif
| #ifdef HAVE_UNISTD_H
| # include <unistd.h>
| #endif
| #include <minix/config.h>
configure:3608: result: no
configure:3608: checking minix/config.h presence
configure:3608: gcc -E  conftest.c
conftest.c:19:26: fatal error: minix/config.h: No such file or directory
 #include <minix/config.h>
                          ^
compilation terminated.
configure:3608: $? = 1
configure: failed program was:
| /* confdefs.h */
| #define PACKAGE_NAME "liberasurecode"
| #define PACKAGE_TARNAME "liberasurecode"
| #define PACKAGE_VERSION "1.0.4"
| #define PACKAGE_STRING "liberasurecode 1.0.4"
| #define PACKAGE_BUGREPORT ""
| #define PACKAGE_URL ""
| #define STDC_HEADERS 1
| #define HAVE_SYS_TYPES_H 1
| #define HAVE_SYS_STAT_H 1
| #define HAVE_STDLIB_H 1
| #define HAVE_STRING_H 1
| #define HAVE_MEMORY_H 1
| #define HAVE_STRINGS_H 1
| #define HAVE_INTTYPES_H 1
| #define HAVE_STDINT_H 1
| #define HAVE_UNISTD_H 1
| /* end confdefs.h.  */
| #include <minix/config.h>
configure:3608: result: no
configure:3608: checking for minix/config.h
configure:3608: result: no
configure:3629: checking whether it is safe to define __EXTENSIONS__
configure:3647: gcc -c -g -O2  conftest.c >&5
configure:3647: $? = 0
configure:3654: result: yes
configure:3717: checking for a BSD-compatible install
configure:3785: result: /usr/bin/install -c
configure:3796: checking whether build environment is sane
configure:3851: result: yes
configure:3886: WARNING: 'missing' script is too old or missing
configure:3999: checking for a thread-safe mkdir -p
configure:4038: result: /bin/mkdir -p
configure:4045: checking for gawk
configure:4061: found /usr/bin/gawk
configure:4072: result: gawk
configure:4083: checking whether make sets $(MAKE)
configure:4105: result: yes
configure:4135: checking for style of include used by make
configure:4163: result: GNU
configure:4197: checking whether make supports nested variables
configure:4214: result: yes
configure:4299: checking dependency style of gcc
configure:4410: result: gcc3
configure:4496: checking build system type
configure:4510: result: x86_64-unknown-linux-gnu
configure:4530: checking host system type
configure:4543: result: x86_64-unknown-linux-gnu
configure:4584: checking how to print strings
configure:4611: result: printf
configure:4632: checking for a sed that does not truncate output
configure:4696: result: /bin/sed
configure:4714: checking for fgrep
configure:4776: result: /bin/grep -F
configure:4811: checking for ld used by gcc
configure:4878: result: /usr/bin/ld
configure:4885: checking if the linker (/usr/bin/ld) is GNU ld
configure:4900: result: yes
configure:4912: checking for BSD- or MS-compatible name lister (nm)
configure:4961: result: /usr/bin/nm -B
configure:5091: checking the name lister (/usr/bin/nm -B) interface
configure:5098: gcc -c -g -O2  conftest.c >&5
configure:5101: /usr/bin/nm -B "conftest.o"
configure:5104: output
0000000000000000 B some_variable
configure:5111: result: BSD nm
configure:5114: checking whether ln -s works
configure:5118: result: yes
configure:5126: checking the maximum length of command line arguments
configure:5256: result: 1572864
configure:5273: checking whether the shell understands some XSI constructs
configure:5283: result: yes
configure:5287: checking whether the shell understands "+="
configure:5293: result: yes
configure:5328: checking how to convert x86_64-unknown-linux-gnu file names to x86_64-unknown-linux-gnu format
configure:5368: result: func_convert_file_noop
configure:5375: checking how to convert x86_64-unknown-linux-gnu file names to toolchain format
configure:5395: result: func_convert_file_noop
configure:5402: checking for /usr/bin/ld option to reload object files
configure:5409: result: -r
configure:5483: checking for objdump
configure:5499: found /usr/bin/objdump
configure:5510: result: objdump
configure:5542: checking how to recognize dependent libraries
configure:5744: result: pass_all
configure:5829: checking for dlltool
configure:5859: result: no
configure:5889: checking how to associate runtime and link libraries
configure:5916: result: printf %s\n
configure:5976: checking for ar
configure:5992: found /usr/bin/ar
configure:6003: result: ar
configure:6040: checking for archiver @FILE support
configure:6057: gcc -c -g -O2  conftest.c >&5
configure:6057: $? = 0
configure:6060: ar cru libconftest.a @conftest.lst >&5
configure:6063: $? = 0
configure:6068: ar cru libconftest.a @conftest.lst >&5
ar: conftest.o: No such file or directory
configure:6071: $? = 1
configure:6083: result: @
configure:6141: checking for strip
configure:6157: found /usr/bin/strip
configure:6168: result: strip
configure:6240: checking for ranlib
configure:6256: found /usr/bin/ranlib
configure:6267: result: ranlib
configure:6369: checking command to parse /usr/bin/nm -B output from gcc object
configure:6489: gcc -c -g -O2  conftest.c >&5
configure:6492: $? = 0
configure:6496: /usr/bin/nm -B conftest.o \| sed -n -e 's/^.*[ ]\([ABCDGIRSTW][ABCDGIRSTW]*\)[ ][ ]*\([_A-Za-z][_A-Za-z0-9]*\)$/\1 \2 \2/p' | sed '/ __gnu_lto/d' \> conftest.nm
configure:6499: $? = 0
configure:6565: gcc -o conftest -g -O2   conftest.c conftstm.o >&5
configure:6568: $? = 0
configure:6606: result: ok
configure:6643: checking for sysroot
configure:6673: result: no
configure:6750: gcc -c -g -O2  conftest.c >&5
configure:6753: $? = 0
configure:6929: checking for mt
configure:6945: found /bin/mt
configure:6956: result: mt
configure:6979: checking if mt is a manifest tool
configure:6985: mt '-?'
configure:6993: result: no
configure:7632: checking for dlfcn.h
configure:7632: gcc -c -g -O2  conftest.c >&5
configure:7632: $? = 0
configure:7632: result: yes
configure:7838: checking for objdir
configure:7853: result: .libs
configure:8124: checking if gcc supports -fno-rtti -fno-exceptions
configure:8142: gcc -c -g -O2  -fno-rtti -fno-exceptions conftest.c >&5
cc1: warning: command line option '-fno-rtti' is valid for C++/ObjC++ but not for C [enabled by default]
configure:8146: $? = 0
configure:8159: result: no
configure:8486: checking for gcc option to produce PIC
configure:8493: result: -fPIC -DPIC
configure:8501: checking if gcc PIC flag -fPIC -DPIC works
configure:8519: gcc -c -g -O2  -fPIC -DPIC -DPIC conftest.c >&5
configure:8523: $? = 0
configure:8536: result: yes
configure:8565: checking if gcc static flag -static works
configure:8593: result: yes
configure:8608: checking if gcc supports -c -o file.o
configure:8629: gcc -c -g -O2  -o out/conftest2.o conftest.c >&5
configure:8633: $? = 0
configure:8655: result: yes
configure:8663: checking if gcc supports -c -o file.o
configure:8710: result: yes
configure:8743: checking whether the gcc linker (/usr/bin/ld -m elf_x86_64) supports shared libraries
configure:9900: result: yes
configure:9937: checking whether -lc should be explicitly linked in
configure:9945: gcc -c -g -O2  conftest.c >&5
configure:9948: $? = 0
configure:9963: gcc -shared  -fPIC -DPIC conftest.o  -v -Wl,-soname -Wl,conftest -o conftest 2\>\&1 \| /bin/grep  -lc  \>/dev/null 2\>\&1
configure:9966: $? = 0
configure:9980: result: no
configure:10140: checking dynamic linker characteristics
configure:10651: gcc -o conftest -g -O2   -Wl,-rpath -Wl,/foo conftest.c  >&5
configure:10651: $? = 0
configure:10885: result: GNU/Linux ld.so
configure:10992: checking how to hardcode library paths into programs
configure:11017: result: immediate
configure:11557: checking whether stripping libraries is possible
configure:11562: result: yes
configure:11597: checking if libtool supports shared libraries
configure:11599: result: yes
configure:11602: checking whether to build shared libraries
configure:11623: result: yes
configure:11626: checking whether to build static libraries
configure:11630: result: yes
configure:11674: checking whether to enable maintainer-specific portions of Makefiles
configure:11683: result: no
configure:11708: checking whether make supports nested variables
configure:11725: result: yes
configure:11785: checking for gcc
configure:11812: result: gcc
configure:12041: checking for C compiler version
configure:12050: gcc --version >&5
gcc (Ubuntu 4.8.2-19ubuntu1) 4.8.2
Copyright (C) 2013 Free Software Foundation, Inc.
This is free software; see the source for copying conditions.  There is NO
warranty; not even for MERCHANTABILITY or FITNESS FOR A PARTICULAR PURPOSE.

configure:12061: $? = 0
configure:12050: gcc -v >&5
Using built-in specs.
COLLECT_GCC=gcc
COLLECT_LTO_WRAPPER=/usr/lib/gcc/x86_64-linux-gnu/4.8/lto-wrapper
Target: x86_64-linux-gnu
Configured with: ../src/configure -v --with-pkgversion='Ubuntu 4.8.2-19ubuntu1' --with-bugurl=file:///usr/share/doc/gcc-4.8/README.Bugs --enable-languages=c,c++,java,go,d,fortran,objc,obj-c++ --prefix=/usr --program-suffix=-4.8 --enable-shared --enable-linker-build-id --libexecdir=/usr/lib --without-included-gettext --enable-threads=posix --with-gxx-include-dir=/usr/include/c++/4.8 --libdir=/usr/lib --enable-nls --with-sysroot=/ --enable-clocale=gnu --enable-libstdcxx-debug --enable-libstdcxx-time=yes --enable-gnu-unique-object --disable-libmudflap --enable-plugin --with-system-zlib --disable-browser-plugin --enable-java-awt=gtk --enable-gtk-cairo --with-java-home=/usr/lib/jvm/java-1.5.0-gcj-4.8-amd64/jre --enable-java-home --with-jvm-root-dir=/usr/lib/jvm/java-1.5.0-gcj-4.8-amd64 --with-jvm-jar-dir=/usr/lib/jvm-exports/java-1.5.0-gcj-4.8-amd64 --with-arch-directory=amd64 --with-ecj-jar=/usr/share/java/eclipse-ecj.jar --enable-objc-gc --enable-multiarch --disable-werror --with-arch-32=i686 --with-abi=m64 --with-multilib-list=m32,m64,mx32 --with-tune=generic --enable-checking=release --build=x86_64-linux-gnu --host=x86_64-linux-gnu --target=x86_64-linux-gnu
Thread model: posix
gcc version 4.8.2 (Ubuntu 4.8.2-19ubuntu1) 
configure:12061: $? = 0
configure:12050: gcc -V >&5
gcc: error: unrecognized command line option '-V'
gcc: fatal error: no input files
compilation terminated.
configure:12061: $? = 4
configure:12050: gcc -qversion >&5
gcc: error: unrecognized command line option '-qversion'
gcc: fatal error: no input files
compilation terminated.
configure:12061: $? = 4
configure:12065: checking whether we are using the GNU C compiler
configure:12093: result: yes
configure:12102: checking whether gcc accepts -g
configure:12163: result: yes
configure:12180: checking for gcc option to accept ISO C89
configure:12256: result: none needed
configure:12281: checking whether gcc understands -c and -o together
configure:12318: result: yes
configure:12395: checking for g++
configure:12411: found /usr/bin/g++
configure:12422: result: g++
configure:12449: checking for C++ compiler version
configure:12458: g++ --version >&5
g++ (Ubuntu 4.8.2-19ubuntu1) 4.8.2
Copyright (C) 2013 Free Software Foundation, Inc.
This is free software; see the source for copying conditions.  There is NO
warranty; not even for MERCHANTABILITY or FITNESS FOR A PARTICULAR PURPOSE.

configure:12469: $? = 0
configure:12458: g++ -v >&5
Using built-in specs.
COLLECT_GCC=g++
COLLECT_LTO_WRAPPER=/usr/lib/gcc/x86_64-linux-gnu/4.8/lto-wrapper
Target: x86_64-linux-gnu
Configured with: ../src/configure -v --with-pkgversion='Ubuntu 4.8.2-19ubuntu1' --with-bugurl=file:///usr/share/doc/gcc-4.8/README.Bugs --enable-languages=c,c++,java,go,d,fortran,objc,obj-c++ --prefix=/usr --program-suffix=-4.8 --enable-shared --enable-linker-build-id --libexecdir=/usr/lib --without-included-gettext --enable-threads=posix --with-gxx-include-dir=/usr/include/c++/4.8 --libdir=/usr/lib --enable-nls --with-sysroot=/ --enable-clocale=gnu --enable-libstdcxx-debug --enable-libstdcxx-time=yes --enable-gnu-unique-object --disable-libmudflap --enable-plugin --with-system-zlib --disable-browser-plugin --enable-java-awt=gtk --enable-gtk-cairo --with-java-home=/usr/lib/jvm/java-1.5.0-gcj-4.8-amd64/jre --enable-java-home --with-jvm-root-dir=/usr/lib/jvm/java-1.5.0-gcj-4.8-amd64 --with-jvm-jar-dir=/usr/lib/jvm-exports/java-1.5.0-gcj-4.8-amd64 --with-arch-directory=amd64 --with-ecj-jar=/usr/share/java/eclipse-ecj.jar --enable-objc-gc --enable-multiarch --disable-werror --with-arch-32=i686 --with-abi=m64 --with-multilib-list=m32,m64,mx32 --with-tune=generic --enable-checking=release --build=x86_64-linux-gnu --host=x86_64-linux-gnu --target=x86_64-linux-gnu
Thread model: posix
gcc version 4.8.2 (Ubuntu 4.8.2-19ubuntu1) 
configure:12469: $? = 0
configure:12458: g++ -V >&5
g++: error: unrecognized command line option '-V'
g++: fatal error: no input files
compilation terminated.
configure:12469: $? = 4
configure:12458: g++ -qversion >&5
g++: error: unrecognized command line option '-qversion'
g++: fatal error: no input files
compilation terminated.
configure:12469: $? = 4
configure:12473: checking whether we are using the GNU C++ compiler
configure:12492: g++ -c   conftest.cpp >&5
configure:12492: $? = 0
configure:12501: result: yes
configure:12510: checking whether g++ accepts -g
configure:12530: g++ -c -g  conftest.cpp >&5
configure:12530: $? = 0
configure:12571: result: yes
configure:12596: checking dependency style of g++
configure:12707: result: gcc3
configure:12740: checking how to run the C++ preprocessor
configure:12767: g++ -E  conftest.cpp
configure:12767: $? = 0
configure:12781: g++ -E  conftest.cpp
conftest.cpp:28:28: fatal error: ac_nonexistent.h: No such file or directory
 #include <ac_nonexistent.h>
                            ^
compilation terminated.
configure:12781: $? = 1
configure: failed program was:
| /* confdefs.h */
| #define PACKAGE_NAME "liberasurecode"
| #define PACKAGE_TARNAME "liberasurecode"
| #define PACKAGE_VERSION "1.0.4"
| #define PACKAGE_STRING "liberasurecode 1.0.4"
| #define PACKAGE_BUGREPORT ""
| #define PACKAGE_URL ""
| #define STDC_HEADERS 1
| #define HAVE_SYS_TYPES_H 1
| #define HAVE_SYS_STAT_H 1
| #define HAVE_STDLIB_H 1
| #define HAVE_STRING_H 1
| #define HAVE_MEMORY_H 1
| #define HAVE_STRINGS_H 1
| #define HAVE_INTTYPES_H 1
| #define HAVE_STDINT_H 1
| #define HAVE_UNISTD_H 1
| #define __EXTENSIONS__ 1
| #define _ALL_SOURCE 1
| #define _GNU_SOURCE 1
| #define _POSIX_PTHREAD_SEMANTICS 1
| #define _TANDEM_SOURCE 1
| #define PACKAGE "liberasurecode"
| #define VERSION "1.0.4"
| #define HAVE_DLFCN_H 1
| #define LT_OBJDIR ".libs/"
| /* end confdefs.h.  */
| #include <ac_nonexistent.h>
configure:12806: result: g++ -E
configure:12826: g++ -E  conftest.cpp
configure:12826: $? = 0
configure:12840: g++ -E  conftest.cpp
conftest.cpp:28:28: fatal error: ac_nonexistent.h: No such file or directory
 #include <ac_nonexistent.h>
                            ^
compilation terminated.
configure:12840: $? = 1
configure: failed program was:
| /* confdefs.h */
| #define PACKAGE_NAME "liberasurecode"
| #define PACKAGE_TARNAME "liberasurecode"
| #define PACKAGE_VERSION "1.0.4"
| #define PACKAGE_STRING "liberasurecode 1.0.4"
| #define PACKAGE_BUGREPORT ""
| #define PACKAGE_URL ""
| #define STDC_HEADERS 1
| #define HAVE_SYS_TYPES_H 1
| #define HAVE_SYS_STAT_H 1
| #define HAVE_STDLIB_H 1
| #define HAVE_STRING_H 1
| #define HAVE_MEMORY_H 1
| #define HAVE_STRINGS_H 1
| #define HAVE_INTTYPES_H 1
| #define HAVE_STDINT_H 1
| #define HAVE_UNISTD_H 1
| #define __EXTENSIONS__ 1
| #define _ALL_SOURCE 1
| #define _GNU_SOURCE 1
| #define _POSIX_PTHREAD_SEMANTICS 1
| #define _TANDEM_SOURCE 1
| #define PACKAGE "liberasurecode"
| #define VERSION "1.0.4"
| #define HAVE_DLFCN_H 1
| #define LT_OBJDIR ".libs/"
| /* end confdefs.h.  */
| #include <ac_nonexistent.h>
configure:13009: checking for ld used by g++
configure:13076: result: /usr/bin/ld -m elf_x86_64
configure:13083: checking if the linker (/usr/bin/ld -m elf_x86_64) is GNU ld
configure:13098: result: yes
configure:13153: checking whether the g++ linker (/usr/bin/ld -m elf_x86_64) supports shared libraries
configure:14158: result: yes
configure:14194: g++ -c -g -O2  conftest.cpp >&5
configure:14197: $? = 0
configure:14717: checking for g++ option to produce PIC
configure:14724: result: -fPIC -DPIC
configure:14732: checking if g++ PIC flag -fPIC -DPIC works
configure:14750: g++ -c -g -O2  -fPIC -DPIC -DPIC conftest.cpp >&5
configure:14754: $? = 0
configure:14767: result: yes
configure:14790: checking if g++ static flag -static works
configure:14818: result: yes
configure:14830: checking if g++ supports -c -o file.o
configure:14851: g++ -c -g -O2  -o out/conftest2.o conftest.cpp >&5
configure:14855: $? = 0
configure:14877: result: yes
configure:14882: checking if g++ supports -c -o file.o
configure:14929: result: yes
configure:14959: checking whether the g++ linker (/usr/bin/ld -m elf_x86_64) supports shared libraries
configure:14998: result: yes
configure:15139: checking dynamic linker characteristics
configure:15818: result: GNU/Linux ld.so
configure:15871: checking how to hardcode library paths into programs
configure:15896: result: immediate
configure:15937: checking whether make sets $(MAKE)
configure:15959: result: yes
configure:15976: checking for x86 cpuid  output
configure:16005: gcc -o conftest -g -O2   conftest.c  >&5
conftest.c: In function 'main':
conftest.c:33:15: error: expected expression before ',' token
      int op = , eax, ebx, ecx, edx;
               ^
configure:16005: $? = 1
configure: program exited with status 1
configure: failed program was:
| /* confdefs.h */
| #define PACKAGE_NAME "liberasurecode"
| #define PACKAGE_TARNAME "liberasurecode"
| #define PACKAGE_VERSION "1.0.4"
| #define PACKAGE_STRING "liberasurecode 1.0.4"
| #define PACKAGE_BUGREPORT ""
| #define PACKAGE_URL ""
| #define STDC_HEADERS 1
| #define HAVE_SYS_TYPES_H 1
| #define HAVE_SYS_STAT_H 1
| #define HAVE_STDLIB_H 1
| #define HAVE_STRING_H 1
| #define HAVE_MEMORY_H 1
| #define HAVE_STRINGS_H 1
| #define HAVE_INTTYPES_H 1
| #define HAVE_STDINT_H 1
| #define HAVE_UNISTD_H 1
| #define __EXTENSIONS__ 1
| #define _ALL_SOURCE 1
| #define _GNU_SOURCE 1
| #define _POSIX_PTHREAD_SEMANTICS 1
| #define _TANDEM_SOURCE 1
| #define PACKAGE "liberasurecode"
| #define VERSION "1.0.4"
| #define HAVE_DLFCN_H 1
| #define LT_OBJDIR ".libs/"
| /* end confdefs.h.  */
| #include <stdio.h>
| int
| main ()
| {
| 
|      int op = , eax, ebx, ecx, edx;
|      FILE *f;
|       __asm__("cpuid"
|         : "=a" (eax), "=b" (ebx), "=c" (ecx), "=d" (edx)
|         : "a" (op));
|      f = fopen("conftest_cpuid", "w"); if (!f) return 1;
|      fprintf(f, "%x:%x:%x:%x\n", eax, ebx, ecx, edx);
|      fclose(f);
|      return 0;
| 
|   ;
|   return 0;
| }
configure:16015: result: unknown
configure:16031: checking for x86-AVX xgetbv  output
configure:16061: gcc -o conftest -g -O2   conftest.c  >&5
conftest.c: In function 'main':
conftest.c:33:15: error: expected expression before ',' token
      int op = , eax, edx;
               ^
configure:16061: $? = 1
configure: program exited with status 1
configure: failed program was:
| /* confdefs.h */
| #define PACKAGE_NAME "liberasurecode"
| #define PACKAGE_TARNAME "liberasurecode"
| #define PACKAGE_VERSION "1.0.4"
| #define PACKAGE_STRING "liberasurecode 1.0.4"
| #define PACKAGE_BUGREPORT ""
| #define PACKAGE_URL ""
| #define STDC_HEADERS 1
| #define HAVE_SYS_TYPES_H 1
| #define HAVE_SYS_STAT_H 1
| #define HAVE_STDLIB_H 1
| #define HAVE_STRING_H 1
| #define HAVE_MEMORY_H 1
| #define HAVE_STRINGS_H 1
| #define HAVE_INTTYPES_H 1
| #define HAVE_STDINT_H 1
| #define HAVE_UNISTD_H 1
| #define __EXTENSIONS__ 1
| #define _ALL_SOURCE 1
| #define _GNU_SOURCE 1
| #define _POSIX_PTHREAD_SEMANTICS 1
| #define _TANDEM_SOURCE 1
| #define PACKAGE "liberasurecode"
| #define VERSION "1.0.4"
| #define HAVE_DLFCN_H 1
| #define LT_OBJDIR ".libs/"
| /* end confdefs.h.  */
| #include <stdio.h>
| int
| main ()
| {
| 
|      int op = , eax, edx;
|      FILE *f;
|       /* Opcodes for xgetbv */
|       __asm__(".byte 0x0f, 0x01, 0xd0"
|         : "=a" (eax), "=d" (edx)
|         : "c" (op));
|      f = fopen("conftest_xgetbv", "w"); if (!f) return 1;
|      fprintf(f, "%x:%x\n", eax, edx);
|      fclose(f);
|      return 0;
| 
|   ;
|   return 0;
| }
configure:16071: result: unknown
configure:16156: checking for x86 cpuid 0x00000001 output
configure:16185: gcc -o conftest -g -O2   conftest.c  >&5
configure:16185: $? = 0
configure:16185: ./conftest
configure:16185: $? = 0
configure:16195: result: 20651:3020800:82982203:1fabfbff
configure:16207: checking whether mmx is supported
configure:16219: result: yes
configure:16222: checking whether sse is supported
configure:16234: result: yes
configure:16237: checking whether sse2 is supported
configure:16249: result: yes
configure:16252: checking whether sse3 is supported
configure:16264: result: yes
configure:16267: checking whether ssse3 is supported
configure:16279: result: yes
configure:16282: checking whether sse4.1 is supported
configure:16294: result: yes
configure:16297: checking whether sse4.2 is supported
configure:16309: result: yes
configure:16312: checking whether avx is supported by processor
configure:16324: result: no
configure:16414: checking whether C compiler accepts -mmmx
configure:16433: gcc -c -g -O2  -mmmx  conftest.c >&5
configure:16433: $? = 0
configure:16441: result: yes
configure:16465: checking whether C compiler accepts -msse
configure:16484: gcc -c -g -O2  -msse  conftest.c >&5
configure:16484: $? = 0
configure:16492: result: yes
configure:16512: checking whether C compiler accepts -msse2
configure:16531: gcc -c -g -O2  -msse2  conftest.c >&5
configure:16531: $? = 0
configure:16539: result: yes
configure:16559: checking whether C compiler accepts -msse3
configure:16578: gcc -c -g -O2  -msse3  conftest.c >&5
configure:16578: $? = 0
configure:16586: result: yes
configure:16606: checking whether C compiler accepts -mssse3
configure:16625: gcc -c -g -O2  -mssse3  conftest.c >&5
configure:16625: $? = 0
configure:16633: result: yes
configure:16653: checking whether C compiler accepts -msse4.1
configure:16672: gcc -c -g -O2  -msse4.1  conftest.c >&5
configure:16672: $? = 0
configure:16680: result: yes
configure:16700: checking whether C compiler accepts -msse4.2
configure:16719: gcc -c -g -O2  -msse4.2  conftest.c >&5
configure:16719: $? = 0
configure:16727: result: yes
configure:16802: checking for ANSI C header files
configure:16906: result: yes
configure:16920: checking for sys/types.h
configure:16920: result: yes
configure:16920: checking stdio.h usability
configure:16920: gcc -c -g -O2  conftest.c >&5
configure:16920: $? = 0
configure:16920: result: yes
configure:16920: checking stdio.h presence
configure:16920: gcc -E  conftest.c
configure:16920: $? = 0
configure:16920: result: yes
configure:16920: checking for stdio.h
configure:16920: result: yes
configure:16920: checking for stdlib.h
configure:16920: result: yes
configure:16920: checking stddef.h usability
configure:16920: gcc -c -g -O2  conftest.c >&5
configure:16920: $? = 0
configure:16920: result: yes
configure:16920: checking stddef.h presence
configure:16920: gcc -E  conftest.c
configure:16920: $? = 0
configure:16920: result: yes
configure:16920: checking for stddef.h
configure:16920: result: yes
configure:16920: checking stdarg.h usability
configure:16920: gcc -c -g -O2  conftest.c >&5
configure:16920: $? = 0
configure:16920: result: yes
configure:16920: checking stdarg.h presence
configure:16920: gcc -E  conftest.c
configure:16920: $? = 0
configure:16920: result: yes
configure:16920: checking for stdarg.h
configure:16920: result: yes
configure:16920: checking malloc.h usability
configure:16920: gcc -c -g -O2  conftest.c >&5
configure:16920: $? = 0
configure:16920: result: yes
configure:16920: checking malloc.h presence
configure:16920: gcc -E  conftest.c
configure:16920: $? = 0
configure:16920: result: yes
configure:16920: checking for malloc.h
configure:16920: result: yes
configure:16920: checking for memory.h
configure:16920: result: yes
configure:16920: checking for string.h
configure:16920: result: yes
configure:16920: checking for strings.h
configure:16920: result: yes
configure:16920: checking for inttypes.h
configure:16920: result: yes
configure:16920: checking for stdint.h
configure:16920: result: yes
configure:16920: checking ctype.h usability
configure:16920: gcc -c -g -O2  conftest.c >&5
configure:16920: $? = 0
configure:16920: result: yes
configure:16920: checking ctype.h presence
configure:16920: gcc -E  conftest.c
configure:16920: $? = 0
configure:16920: result: yes
configure:16920: checking for ctype.h
configure:16920: result: yes
configure:16920: checking math.h usability
configure:16920: gcc -c -g -O2  conftest.c >&5
configure:16920: $? = 0
configure:16920: result: yes
configure:16920: checking math.h presence
configure:16920: gcc -E  conftest.c
configure:16920: $? = 0
configure:16920: result: yes
configure:16920: checking for math.h
configure:16920: result: yes
configure:16920: checking iconv.h usability
configure:16920: gcc -c -g -O2  conftest.c >&5
configure:16920: $? = 0
configure:16920: result: yes
configure:16920: checking iconv.h presence
configure:16920: gcc -E  conftest.c
configure:16920: $? = 0
configure:16920: result: yes
configure:16920: checking for iconv.h
configure:16920: result: yes
configure:16920: checking signal.h usability
configure:16920: gcc -c -g -O2  conftest.c >&5
configure:16920: $? = 0
configure:16920: result: yes
configure:16920: checking signal.h presence
configure:16920: gcc -E  conftest.c
configure:16920: $? = 0
configure:16920: result: yes
configure:16920: checking for signal.h
configure:16920: result: yes
configure:16920: checking for dlfcn.h
configure:16920: result: yes
configure:16920: checking pthread.h usability
configure:16920: gcc -c -g -O2  conftest.c >&5
configure:16920: $? = 0
configure:16920: result: yes
configure:16920: checking pthread.h presence
configure:16920: gcc -E  conftest.c
configure:16920: $? = 0
configure:16920: result: yes
configure:16920: checking for pthread.h
configure:16920: result: yes
configure:16920: checking for unistd.h
configure:16920: result: yes
configure:16920: checking limits.h usability
configure:16920: gcc -c -g -O2  conftest.c >&5
configure:16920: $? = 0
configure:16920: result: yes
configure:16920: checking limits.h presence
configure:16920: gcc -E  conftest.c
configure:16920: $? = 0
configure:16920: result: yes
configure:16920: checking for limits.h
configure:16920: result: yes
configure:16920: checking errno.h usability
configure:16920: gcc -c -g -O2  conftest.c >&5
configure:16920: $? = 0
configure:16920: result: yes
configure:16920: checking errno.h presence
configure:16920: gcc -E  conftest.c
configure:16920: $? = 0
configure:16920: result: yes
configure:16920: checking for errno.h
configure:16920: result: yes
configure:16920: checking syslog.h usability
configure:16920: gcc -c -g -O2  conftest.c >&5
configure:16920: $? = 0
configure:16920: result: yes
configure:16920: checking syslog.h presence
configure:16920: gcc -E  conftest.c
configure:16920: $? = 0
configure:16920: result: yes
configure:16920: checking for syslog.h
configure:16920: result: yes
configure:16933: checking for malloc
configure:16933: gcc -o conftest -g -O2   conftest.c  >&5
conftest.c:80:6: warning: conflicting types for built-in function 'malloc' [enabled by default]
 char malloc ();
      ^
configure:16933: $? = 0
configure:16933: result: yes
configure:16933: checking for calloc
configure:16933: gcc -o conftest -g -O2   conftest.c  >&5
conftest.c:81:6: warning: conflicting types for built-in function 'calloc' [enabled by default]
 char calloc ();
      ^
configure:16933: $? = 0
configure:16933: result: yes
configure:16933: checking for realloc
configure:16933: gcc -o conftest -g -O2   conftest.c  >&5
conftest.c:82:6: warning: conflicting types for built-in function 'realloc' [enabled by default]
 char realloc ();
      ^
configure:16933: $? = 0
configure:16933: result: yes
configure:16933: checking for free
configure:16933: gcc -o conftest -g -O2   conftest.c  >&5
conftest.c:83:6: warning: conflicting types for built-in function 'free' [enabled by default]
 char free ();
      ^
configure:16933: $? = 0
configure:16933: result: yes
configure:16933: checking for openlog
configure:16933: gcc -o conftest -g -O2   conftest.c  >&5
configure:16933: $? = 0
configure:16933: result: yes
configure:17051: checking for doxygen
configure:17079: result: false
configure:17250: checking that generated files are newer than configure
configure:17256: result: done
configure:17299: creating ./config.status

## ---------------------- ##
## Running config.status. ##
## ---------------------- ##

This file was extended by liberasurecode config.status 1.0.4, which was
generated by GNU Autoconf 2.69.  Invocation command line was

  CONFIG_FILES    = 
  CONFIG_HEADERS  = 
  CONFIG_LINKS    = 
  CONFIG_COMMANDS = 
  $ ./config.status 

on CCRLM0018

config.status:1204: creating src/builtin/null_code/Makefile
config.status:1204: creating src/builtin/xor_codes/Makefile
config.status:1204: creating src/Makefile
config.status:1204: creating test/Makefile
config.status:1204: creating doc/Makefile
config.status:1204: creating Makefile
config.status:1204: creating erasurecode.pc
config.status:1204: creating Xorcode.pc
config.status:1204: creating doc/doxygen.cfg
config.status:1204: creating include/config_liberasurecode.h
config.status:1385: include/config_liberasurecode.h is unchanged
config.status:1433: executing depfiles commands
config.status:1433: executing libtool commands

## ---------------- ##
## Cache variables. ##
## ---------------- ##

ac_cv_build=x86_64-unknown-linux-gnu
ac_cv_c_compiler_gnu=yes
ac_cv_cxx_compiler_gnu=yes
ac_cv_env_CCC_set=
ac_cv_env_CCC_value=
ac_cv_env_CC_set=
ac_cv_env_CC_value=
ac_cv_env_CFLAGS_set=
ac_cv_env_CFLAGS_value=
ac_cv_env_CPPFLAGS_set=
ac_cv_env_CPPFLAGS_value=
ac_cv_env_CPP_set=
ac_cv_env_CPP_value=
ac_cv_env_CXXCPP_set=
ac_cv_env_CXXCPP_value=
ac_cv_env_CXXFLAGS_set=
ac_cv_env_CXXFLAGS_value=
ac_cv_env_CXX_set=
ac_cv_env_CXX_value=
ac_cv_env_LDFLAGS_set=
ac_cv_env_LDFLAGS_value=
ac_cv_env_LIBS_set=
ac_cv_env_LIBS_value=
ac_cv_env_build_alias_set=
ac_cv_env_build_alias_value=
ac_cv_env_host_alias_set=
ac_cv_env_host_alias_value=
ac_cv_env_target_alias_set=
ac_cv_env_target_alias_value=
ac_cv_func_calloc=yes
ac_cv_func_free=yes
ac_cv_func_malloc=yes
ac_cv_func_openlog=yes
ac_cv_func_realloc=yes
ac_cv_header_ctype_h=yes
ac_cv_header_dlfcn_h=yes
ac_cv_header_errno_h=yes
ac_cv_header_iconv_h=yes
ac_cv_header_inttypes_h=yes
ac_cv_header_limits_h=yes
ac_cv_header_malloc_h=yes
ac_cv_header_math_h=yes
ac_cv_header_memory_h=yes
ac_cv_header_minix_config_h=no
ac_cv_header_pthread_h=yes
ac_cv_header_signal_h=yes
ac_cv_header_stdarg_h=yes
ac_cv_header_stdc=yes
ac_cv_header_stddef_h=yes
ac_cv_header_stdint_h=yes
ac_cv_header_stdio_h=yes
ac_cv_header_stdlib_h=yes
ac_cv_header_string_h=yes
ac_cv_header_strings_h=yes
ac_cv_header_sys_stat_h=yes
ac_cv_header_sys_types_h=yes
ac_cv_header_syslog_h=yes
ac_cv_header_unistd_h=yes
ac_cv_host=x86_64-unknown-linux-gnu
ac_cv_objext=o
ac_cv_path_EGREP='/bin/grep -E'
ac_cv_path_FGREP='/bin/grep -F'
ac_cv_path_GREP=/bin/grep
ac_cv_path_SED=/bin/sed
ac_cv_path_install='/usr/bin/install -c'
ac_cv_path_mkdir=/bin/mkdir
ac_cv_prog_AWK=gawk
ac_cv_prog_CPP='gcc -E'
ac_cv_prog_CXXCPP='g++ -E'
ac_cv_prog_DOXYGEN=false
ac_cv_prog_ac_ct_AR=ar
ac_cv_prog_ac_ct_CC=gcc
ac_cv_prog_ac_ct_CXX=g++
ac_cv_prog_ac_ct_MANIFEST_TOOL=mt
ac_cv_prog_ac_ct_OBJDUMP=objdump
ac_cv_prog_ac_ct_RANLIB=ranlib
ac_cv_prog_ac_ct_STRIP=strip
ac_cv_prog_cc_c89=
ac_cv_prog_cc_g=yes
ac_cv_prog_cxx_g=yes
ac_cv_prog_make_make_set=yes
ac_cv_safe_to_define___extensions__=yes
am_cv_CC_dependencies_compiler_type=gcc3
am_cv_CXX_dependencies_compiler_type=gcc3
am_cv_make_support_nested_variables=yes
am_cv_prog_cc_c_o=yes
ax_cv_check_cflags___mmmx=yes
ax_cv_check_cflags___msse2=yes
ax_cv_check_cflags___msse3=yes
ax_cv_check_cflags___msse4_1=yes
ax_cv_check_cflags___msse4_2=yes
ax_cv_check_cflags___msse=yes
ax_cv_check_cflags___mssse3=yes
ax_cv_gcc_x86_avx_xgetbv_=unknown
ax_cv_gcc_x86_cpuid_0x00000001=20651:3020800:82982203:1fabfbff
ax_cv_gcc_x86_cpuid_=unknown
ax_cv_have_avx_cpu_ext=no
ax_cv_have_mmx_ext=yes
ax_cv_have_sse2_ext=yes
ax_cv_have_sse3_ext=yes
ax_cv_have_sse41_ext=yes
ax_cv_have_sse42_ext=yes
ax_cv_have_sse_ext=yes
ax_cv_have_ssse3_ext=yes
ax_cv_support_mmx_ext=yes
ax_cv_support_sse2_ext=yes
ax_cv_support_sse3_ext=yes
ax_cv_support_sse41_ext=yes
ax_cv_support_sse42_ext=yes
ax_cv_support_sse_ext=yes
ax_cv_support_ssse3_ext=yes
lt_cv_ar_at_file=@
lt_cv_archive_cmds_need_lc=no
lt_cv_deplibs_check_method=pass_all
lt_cv_file_magic_cmd='$MAGIC_CMD'
lt_cv_file_magic_test_file=
lt_cv_ld_reload_flag=-r
lt_cv_nm_interface='BSD nm'
lt_cv_objdir=.libs
lt_cv_path_LD=/usr/bin/ld
lt_cv_path_LDCXX='/usr/bin/ld -m elf_x86_64'
lt_cv_path_NM='/usr/bin/nm -B'
lt_cv_path_mainfest_tool=no
lt_cv_prog_compiler_c_o=yes
lt_cv_prog_compiler_c_o_CXX=yes
lt_cv_prog_compiler_pic='-fPIC -DPIC'
lt_cv_prog_compiler_pic_CXX='-fPIC -DPIC'
lt_cv_prog_compiler_pic_works=yes
lt_cv_prog_compiler_pic_works_CXX=yes
lt_cv_prog_compiler_rtti_exceptions=no
lt_cv_prog_compiler_static_works=yes
lt_cv_prog_compiler_static_works_CXX=yes
lt_cv_prog_gnu_ld=yes
lt_cv_prog_gnu_ldcxx=yes
lt_cv_sharedlib_from_linklib_cmd='printf %s\n'
lt_cv_shlibpath_overrides_runpath=no
lt_cv_sys_global_symbol_pipe='sed -n -e '\''s/^.*[	 ]\([ABCDGIRSTW][ABCDGIRSTW]*\)[	 ][	 ]*\([_A-Za-z][_A-Za-z0-9]*\)$/\1 \2 \2/p'\'' | sed '\''/ __gnu_lto/d'\'''
lt_cv_sys_global_symbol_to_c_name_address='sed -n -e '\''s/^: \([^ ]*\)[ ]*$/  {\"\1\", (void *) 0},/p'\'' -e '\''s/^[ABCDGIRSTW]* \([^ ]*\) \([^ ]*\)$/  {"\2", (void *) \&\2},/p'\'''
lt_cv_sys_global_symbol_to_c_name_address_lib_prefix='sed -n -e '\''s/^: \([^ ]*\)[ ]*$/  {\"\1\", (void *) 0},/p'\'' -e '\''s/^[ABCDGIRSTW]* \([^ ]*\) \(lib[^ ]*\)$/  {"\2", (void *) \&\2},/p'\'' -e '\''s/^[ABCDGIRSTW]* \([^ ]*\) \([^ ]*\)$/  {"lib\2", (void *) \&\2},/p'\'''
lt_cv_sys_global_symbol_to_cdecl='sed -n -e '\''s/^T .* \(.*\)$/extern int \1();/p'\'' -e '\''s/^[ABCDGIRSTW]* .* \(.*\)$/extern char \1;/p'\'''
lt_cv_sys_max_cmd_len=1572864
lt_cv_to_host_file_cmd=func_convert_file_noop
lt_cv_to_tool_file_cmd=func_convert_file_noop

## ----------------- ##
## Output variables. ##
## ----------------- ##

ACLOCAL='aclocal-1.14'
AMDEPBACKSLASH='\'
AMDEP_FALSE='#'
AMDEP_TRUE=''
AMTAR='$${TAR-tar}'
AM_BACKSLASH='\'
AM_DEFAULT_V='$(AM_DEFAULT_VERBOSITY)'
AM_DEFAULT_VERBOSITY='0'
AM_V='$(V)'
AR='ar'
AUTOCONF='autoconf'
AUTOHEADER='autoheader'
AUTOMAKE='automake-1.14'
AWK='gawk'
CC='gcc'
CCDEPMODE='depmode=gcc3'
CFLAGS='-O2 -g -Werror -D_GNU_SOURCE=1 -Wall -pedantic -std=c99'
CPP='gcc -E'
CPPFLAGS=''
CXX='g++'
CXXCPP='g++ -E'
CXXDEPMODE='depmode=gcc3'
CXXFLAGS=''
CYGPATH_W='echo'
DEFS='-DHAVE_CONFIG_H'
DEPDIR='.deps'
DLLTOOL='false'
DOXYGEN='false'
DSYMUTIL=''
DUMPBIN=''
ECHO_C=''
ECHO_N='-n'
ECHO_T=''
EGREP='/bin/grep -E'
ENABLE_DOXYGEN_FALSE=''
ENABLE_DOXYGEN_TRUE='#'
EXEEXT=''
FGREP='/bin/grep -F'
GCOV_FLAGS=''
GCOV_LDFLAGS=''
GREP='/bin/grep'
HAVE_DOXYGEN=''
HAVE_DOXYGEN_FALSE='#'
HAVE_DOXYGEN_TRUE=''
INSTALL_DATA='${INSTALL} -m 644'
INSTALL_PROGRAM='${INSTALL}'
INSTALL_SCRIPT='${INSTALL}'
INSTALL_STRIP_PROGRAM='$(install_sh) -c -s'
LD='/usr/bin/ld -m elf_x86_64'
LDFLAGS=''
LIBOBJS=''
LIBS=''
LIBTOOL='$(SHELL) $(top_builddir)/libtool'
LIPO=''
LN_S='ln -s'
LTLIBOBJS=''
MAINT='#'
MAINTAINER_MODE_FALSE=''
MAINTAINER_MODE_TRUE='#'
MAKEINFO='makeinfo'
MANIFEST_TOOL=':'
MKDIR_P='/bin/mkdir -p'
NM='/usr/bin/nm -B'
NMEDIT=''
OBJDUMP='objdump'
OBJECTS=''
OBJEXT='o'
OTOOL64=''
OTOOL=''
PACKAGE='liberasurecode'
PACKAGE_BUGREPORT=''
PACKAGE_NAME='liberasurecode'
PACKAGE_STRING='liberasurecode 1.0.4'
PACKAGE_TARNAME='liberasurecode'
PACKAGE_URL=''
PACKAGE_VERSION='1.0.4'
PATH_SEPARATOR=':'
RANLIB='ranlib'
SED='/bin/sed'
SET_MAKE=''
SHELL='/bin/bash'
SIMD_FLAGS=' -mmmx -msse -DINTEL_SSE -msse2 -DINTEL_SSE2 -msse3 -DINTEL_SSE3 -mssse3 -msse4.1 -DINTEL_SSE4 -msse4.2 -DINTEL_SSE4'
STRIP='strip'
VERSION='1.0.4'
ac_aux_dir='.'
ac_ct_AR='ar'
ac_ct_CC='gcc'
ac_ct_CXX='g++'
ac_ct_DUMPBIN=''
am__EXEEXT_FALSE=''
am__EXEEXT_TRUE='#'
am__fastdepCC_FALSE='#'
am__fastdepCC_TRUE=''
am__fastdepCXX_FALSE='#'
am__fastdepCXX_TRUE=''
am__include='include'
am__isrc=''
am__leading_dot='.'
am__nodep='_no'
am__quote=''
am__tar='$${TAR-tar} chof - "$$tardir"'
am__untar='$${TAR-tar} xf -'
bindir='${exec_prefix}/bin'
build='x86_64-unknown-linux-gnu'
build_alias=''
build_cpu='x86_64'
build_os='linux-gnu'
build_vendor='unknown'
datadir='${datarootdir}'
datarootdir='${prefix}/share'
docdir='${datarootdir}/doc/${PACKAGE_TARNAME}'
dvidir='${docdir}'
exec_prefix='${prefix}'
host='x86_64-unknown-linux-gnu'
host_alias=''
host_cpu='x86_64'
host_os='linux-gnu'
host_vendor='unknown'
htmldir='${docdir}'
includedir='${prefix}/include'
infodir='${datarootdir}/info'
install_sh='${SHELL} /home/whcho/install-sh'
libdir='${exec_prefix}/lib'
libexecdir='${exec_prefix}/libexec'
localedir='${datarootdir}/locale'
localstatedir='${prefix}/var'
mandir='${datarootdir}/man'
mkdir_p='$(MKDIR_P)'
oldincludedir='/usr/include'
pdfdir='${docdir}'
prefix='/usr/local'
program_transform_name='s,x,x,'
psdir='${docdir}'
sbindir='${exec_prefix}/sbin'
sharedstatedir='${prefix}/com'
sysconfdir='${prefix}/etc'
target_alias=''

## ----------- ##
## confdefs.h. ##
## ----------- ##

/* confdefs.h */
#define PACKAGE_NAME "liberasurecode"
#define PACKAGE_TARNAME "liberasurecode"
#define PACKAGE_VERSION "1.0.4"
#define PACKAGE_STRING "liberasurecode 1.0.4"
#define PACKAGE_BUGREPORT ""
#define PACKAGE_URL ""
#define STDC_HEADERS 1
#define HAVE_SYS_TYPES_H 1
#define HAVE_SYS_STAT_H 1
#define HAVE_STDLIB_H 1
#define HAVE_STRING_H 1
#define HAVE_MEMORY_H 1
#define HAVE_STRINGS_H 1
#define HAVE_INTTYPES_H 1
#define HAVE_STDINT_H 1
#define HAVE_UNISTD_H 1
#define __EXTENSIONS__ 1
#define _ALL_SOURCE 1
#define _GNU_SOURCE 1
#define _POSIX_PTHREAD_SEMANTICS 1
#define _TANDEM_SOURCE 1
#define PACKAGE "liberasurecode"
#define VERSION "1.0.4"
#define HAVE_DLFCN_H 1
#define LT_OBJDIR ".libs/"
#define HAVE_MMX /**/
#define HAVE_SSE /**/
#define HAVE_SSE2 /**/
#define HAVE_SSE3 /**/
#define HAVE_SSSE3 /**/
#define HAVE_SSE4_1 /**/
#define HAVE_SSE4_2 /**/
#define STDC_HEADERS 1
#define HAVE_SYS_TYPES_H 1
#define HAVE_STDIO_H 1
#define HAVE_STDLIB_H 1
#define HAVE_STDDEF_H 1
#define HAVE_STDARG_H 1
#define HAVE_MALLOC_H 1
#define HAVE_MEMORY_H 1
#define HAVE_STRING_H 1
#define HAVE_STRINGS_H 1
#define HAVE_INTTYPES_H 1
#define HAVE_STDINT_H 1
#define HAVE_CTYPE_H 1
#define HAVE_MATH_H 1
#define HAVE_ICONV_H 1
#define HAVE_SIGNAL_H 1
#define HAVE_DLFCN_H 1
#define HAVE_PTHREAD_H 1
#define HAVE_UNISTD_H 1
#define HAVE_LIMITS_H 1
#define HAVE_ERRNO_H 1
#define HAVE_SYSLOG_H 1
#define HAVE_MALLOC 1
#define HAVE_CALLOC 1
#define HAVE_REALLOC 1
#define HAVE_FREE 1
#define HAVE_OPENLOG 1

configure: exit 0

## ---------------------- ##
## Running config.status. ##
## ---------------------- ##

This file was extended by liberasurecode config.status 1.0.4, which was
generated by GNU Autoconf 2.69.  Invocation command line was

  CONFIG_FILES    = 
  CONFIG_HEADERS  = 
  CONFIG_LINKS    = 
  CONFIG_COMMANDS = 
  $ ./config.status Makefile

on CCRLM0018

config.status:1204: creating Makefile
